ARM GAS  /tmp/ccIfPF55.s 			page 1


   1              		.cpu cortex-m0
   2              		.eabi_attribute 20, 1
   3              		.eabi_attribute 21, 1
   4              		.eabi_attribute 23, 3
   5              		.eabi_attribute 24, 1
   6              		.eabi_attribute 25, 1
   7              		.eabi_attribute 26, 1
   8              		.eabi_attribute 30, 1
   9              		.eabi_attribute 34, 0
  10              		.eabi_attribute 18, 4
  11              		.file	"gpio.c"
  12              		.text
  13              	.Ltext0:
  14              		.cfi_sections	.debug_frame
  15              		.section	.text.MX_GPIO_Init,"ax",%progbits
  16              		.align	1
  17              		.global	MX_GPIO_Init
  18              		.syntax unified
  19              		.code	16
  20              		.thumb_func
  21              		.fpu softvfp
  23              	MX_GPIO_Init:
  24              	.LFB37:
  25              		.file 1 "Src/gpio.c"
   1:Src/gpio.c    **** /**
   2:Src/gpio.c    ****   ******************************************************************************
   3:Src/gpio.c    ****   * File Name          : gpio.c
   4:Src/gpio.c    ****   * Description        : This file provides code for the configuration
   5:Src/gpio.c    ****   *                      of all used GPIO pins.
   6:Src/gpio.c    ****   ******************************************************************************
   7:Src/gpio.c    ****   ** This notice applies to any and all portions of this file
   8:Src/gpio.c    ****   * that are not between comment pairs USER CODE BEGIN and
   9:Src/gpio.c    ****   * USER CODE END. Other portions of this file, whether 
  10:Src/gpio.c    ****   * inserted by the user or by software development tools
  11:Src/gpio.c    ****   * are owned by their respective copyright owners.
  12:Src/gpio.c    ****   *
  13:Src/gpio.c    ****   * COPYRIGHT(c) 2018 STMicroelectronics
  14:Src/gpio.c    ****   *
  15:Src/gpio.c    ****   * Redistribution and use in source and binary forms, with or without modification,
  16:Src/gpio.c    ****   * are permitted provided that the following conditions are met:
  17:Src/gpio.c    ****   *   1. Redistributions of source code must retain the above copyright notice,
  18:Src/gpio.c    ****   *      this list of conditions and the following disclaimer.
  19:Src/gpio.c    ****   *   2. Redistributions in binary form must reproduce the above copyright notice,
  20:Src/gpio.c    ****   *      this list of conditions and the following disclaimer in the documentation
  21:Src/gpio.c    ****   *      and/or other materials provided with the distribution.
  22:Src/gpio.c    ****   *   3. Neither the name of STMicroelectronics nor the names of its contributors
  23:Src/gpio.c    ****   *      may be used to endorse or promote products derived from this software
  24:Src/gpio.c    ****   *      without specific prior written permission.
  25:Src/gpio.c    ****   *
  26:Src/gpio.c    ****   * THIS SOFTWARE IS PROVIDED BY THE COPYRIGHT HOLDERS AND CONTRIBUTORS "AS IS"
  27:Src/gpio.c    ****   * AND ANY EXPRESS OR IMPLIED WARRANTIES, INCLUDING, BUT NOT LIMITED TO, THE
  28:Src/gpio.c    ****   * IMPLIED WARRANTIES OF MERCHANTABILITY AND FITNESS FOR A PARTICULAR PURPOSE ARE
  29:Src/gpio.c    ****   * DISCLAIMED. IN NO EVENT SHALL THE COPYRIGHT HOLDER OR CONTRIBUTORS BE LIABLE
  30:Src/gpio.c    ****   * FOR ANY DIRECT, INDIRECT, INCIDENTAL, SPECIAL, EXEMPLARY, OR CONSEQUENTIAL
  31:Src/gpio.c    ****   * DAMAGES (INCLUDING, BUT NOT LIMITED TO, PROCUREMENT OF SUBSTITUTE GOODS OR
  32:Src/gpio.c    ****   * SERVICES; LOSS OF USE, DATA, OR PROFITS; OR BUSINESS INTERRUPTION) HOWEVER
  33:Src/gpio.c    ****   * CAUSED AND ON ANY THEORY OF LIABILITY, WHETHER IN CONTRACT, STRICT LIABILITY,
ARM GAS  /tmp/ccIfPF55.s 			page 2


  34:Src/gpio.c    ****   * OR TORT (INCLUDING NEGLIGENCE OR OTHERWISE) ARISING IN ANY WAY OUT OF THE USE
  35:Src/gpio.c    ****   * OF THIS SOFTWARE, EVEN IF ADVISED OF THE POSSIBILITY OF SUCH DAMAGE.
  36:Src/gpio.c    ****   *
  37:Src/gpio.c    ****   ******************************************************************************
  38:Src/gpio.c    ****   */
  39:Src/gpio.c    **** 
  40:Src/gpio.c    **** /* Includes ------------------------------------------------------------------*/
  41:Src/gpio.c    **** #include "gpio.h"
  42:Src/gpio.c    **** /* USER CODE BEGIN 0 */
  43:Src/gpio.c    **** 
  44:Src/gpio.c    **** /* USER CODE END 0 */
  45:Src/gpio.c    **** 
  46:Src/gpio.c    **** /*----------------------------------------------------------------------------*/
  47:Src/gpio.c    **** /* Configure GPIO                                                             */
  48:Src/gpio.c    **** /*----------------------------------------------------------------------------*/
  49:Src/gpio.c    **** /* USER CODE BEGIN 1 */
  50:Src/gpio.c    **** 
  51:Src/gpio.c    **** /* USER CODE END 1 */
  52:Src/gpio.c    **** 
  53:Src/gpio.c    **** /** Configure pins as 
  54:Src/gpio.c    ****         * Analog 
  55:Src/gpio.c    ****         * Input 
  56:Src/gpio.c    ****         * Output
  57:Src/gpio.c    ****         * EVENT_OUT
  58:Src/gpio.c    ****         * EXTI
  59:Src/gpio.c    **** */
  60:Src/gpio.c    **** void MX_GPIO_Init(void)
  61:Src/gpio.c    **** {
  26              		.loc 1 61 0
  27              		.cfi_startproc
  28              		@ args = 0, pretend = 0, frame = 32
  29              		@ frame_needed = 0, uses_anonymous_args = 0
  30 0000 F0B5     		push	{r4, r5, r6, r7, lr}
  31              	.LCFI0:
  32              		.cfi_def_cfa_offset 20
  33              		.cfi_offset 4, -20
  34              		.cfi_offset 5, -16
  35              		.cfi_offset 6, -12
  36              		.cfi_offset 7, -8
  37              		.cfi_offset 14, -4
  38 0002 89B0     		sub	sp, sp, #36
  39              	.LCFI1:
  40              		.cfi_def_cfa_offset 56
  41              	.LBB2:
  62:Src/gpio.c    **** 
  63:Src/gpio.c    ****   GPIO_InitTypeDef GPIO_InitStruct;
  64:Src/gpio.c    **** 
  65:Src/gpio.c    ****   /* GPIO Ports Clock Enable */
  66:Src/gpio.c    ****   __HAL_RCC_GPIOF_CLK_ENABLE();
  42              		.loc 1 66 0
  43 0004 374B     		ldr	r3, .L2
  44 0006 5969     		ldr	r1, [r3, #20]
  45 0008 8020     		movs	r0, #128
  46 000a C003     		lsls	r0, r0, #15
  47 000c 0143     		orrs	r1, r0
  48 000e 5961     		str	r1, [r3, #20]
  49 0010 5A69     		ldr	r2, [r3, #20]
ARM GAS  /tmp/ccIfPF55.s 			page 3


  50 0012 0240     		ands	r2, r0
  51 0014 0092     		str	r2, [sp]
  52 0016 009A     		ldr	r2, [sp]
  53              	.LBE2:
  54              	.LBB3:
  67:Src/gpio.c    ****   __HAL_RCC_GPIOA_CLK_ENABLE();
  55              		.loc 1 67 0
  56 0018 5969     		ldr	r1, [r3, #20]
  57 001a 8020     		movs	r0, #128
  58 001c 8002     		lsls	r0, r0, #10
  59 001e 0143     		orrs	r1, r0
  60 0020 5961     		str	r1, [r3, #20]
  61 0022 5A69     		ldr	r2, [r3, #20]
  62 0024 0240     		ands	r2, r0
  63 0026 0192     		str	r2, [sp, #4]
  64 0028 019A     		ldr	r2, [sp, #4]
  65              	.LBE3:
  66              	.LBB4:
  68:Src/gpio.c    ****   __HAL_RCC_GPIOB_CLK_ENABLE();
  67              		.loc 1 68 0
  68 002a 5A69     		ldr	r2, [r3, #20]
  69 002c 8021     		movs	r1, #128
  70 002e C902     		lsls	r1, r1, #11
  71 0030 0A43     		orrs	r2, r1
  72 0032 5A61     		str	r2, [r3, #20]
  73 0034 5B69     		ldr	r3, [r3, #20]
  74 0036 0B40     		ands	r3, r1
  75 0038 0293     		str	r3, [sp, #8]
  76 003a 029B     		ldr	r3, [sp, #8]
  77              	.LBE4:
  69:Src/gpio.c    **** 
  70:Src/gpio.c    ****   /*Configure GPIO pin Output Level */
  71:Src/gpio.c    ****   HAL_GPIO_WritePin(GPIOA, GPIO_PIN_11|GPIO_PIN_12, GPIO_PIN_SET);
  78              		.loc 1 71 0
  79 003c C021     		movs	r1, #192
  80 003e 9025     		movs	r5, #144
  81 0040 ED05     		lsls	r5, r5, #23
  82 0042 0122     		movs	r2, #1
  83 0044 4901     		lsls	r1, r1, #5
  84 0046 2800     		movs	r0, r5
  85 0048 FFF7FEFF 		bl	HAL_GPIO_WritePin
  86              	.LVL0:
  72:Src/gpio.c    **** 
  73:Src/gpio.c    ****   /*Configure GPIO pin Output Level */
  74:Src/gpio.c    ****   HAL_GPIO_WritePin(GPIOA, GPIO_PIN_15, GPIO_PIN_RESET);
  87              		.loc 1 74 0
  88 004c 8021     		movs	r1, #128
  89 004e 0022     		movs	r2, #0
  90 0050 0902     		lsls	r1, r1, #8
  91 0052 2800     		movs	r0, r5
  92 0054 FFF7FEFF 		bl	HAL_GPIO_WritePin
  93              	.LVL1:
  75:Src/gpio.c    **** 
  76:Src/gpio.c    ****   /*Configure GPIO pin Output Level */
  77:Src/gpio.c    ****   HAL_GPIO_WritePin(GPIOB, GPIO_PIN_3, GPIO_PIN_RESET);
  94              		.loc 1 77 0
  95 0058 0022     		movs	r2, #0
ARM GAS  /tmp/ccIfPF55.s 			page 4


  96 005a 0821     		movs	r1, #8
  97 005c 2248     		ldr	r0, .L2+4
  98 005e FFF7FEFF 		bl	HAL_GPIO_WritePin
  99              	.LVL2:
  78:Src/gpio.c    **** 
  79:Src/gpio.c    ****   /*Configure GPIO pin Output Level */
  80:Src/gpio.c    ****   HAL_GPIO_WritePin(GPIOB, GPIO_PIN_5|GPIO_PIN_6|GPIO_PIN_7, GPIO_PIN_SET);
 100              		.loc 1 80 0
 101 0062 0122     		movs	r2, #1
 102 0064 E021     		movs	r1, #224
 103 0066 2048     		ldr	r0, .L2+4
 104 0068 FFF7FEFF 		bl	HAL_GPIO_WritePin
 105              	.LVL3:
  81:Src/gpio.c    **** 
  82:Src/gpio.c    ****   /*Configure GPIO pin : PA8 */
  83:Src/gpio.c    ****   GPIO_InitStruct.Pin = GPIO_PIN_8;
 106              		.loc 1 83 0
 107 006c 8023     		movs	r3, #128
 108 006e 5B00     		lsls	r3, r3, #1
 109 0070 0393     		str	r3, [sp, #12]
  84:Src/gpio.c    ****   GPIO_InitStruct.Mode = GPIO_MODE_INPUT;
 110              		.loc 1 84 0
 111 0072 0024     		movs	r4, #0
 112 0074 0494     		str	r4, [sp, #16]
  85:Src/gpio.c    ****   GPIO_InitStruct.Pull = GPIO_PULLUP;
 113              		.loc 1 85 0
 114 0076 0127     		movs	r7, #1
 115 0078 0597     		str	r7, [sp, #20]
  86:Src/gpio.c    ****   HAL_GPIO_Init(GPIOA, &GPIO_InitStruct);
 116              		.loc 1 86 0
 117 007a 03A9     		add	r1, sp, #12
 118 007c 2800     		movs	r0, r5
 119 007e FFF7FEFF 		bl	HAL_GPIO_Init
 120              	.LVL4:
  87:Src/gpio.c    **** 
  88:Src/gpio.c    ****   /*Configure GPIO pin : PA9 */
  89:Src/gpio.c    ****   GPIO_InitStruct.Pin = GPIO_PIN_9;
 121              		.loc 1 89 0
 122 0082 8023     		movs	r3, #128
 123 0084 9B00     		lsls	r3, r3, #2
 124 0086 0393     		str	r3, [sp, #12]
  90:Src/gpio.c    ****   GPIO_InitStruct.Mode = GPIO_MODE_IT_FALLING;
 125              		.loc 1 90 0
 126 0088 184B     		ldr	r3, .L2+8
 127 008a 0493     		str	r3, [sp, #16]
  91:Src/gpio.c    ****   GPIO_InitStruct.Pull = GPIO_NOPULL;
 128              		.loc 1 91 0
 129 008c 0594     		str	r4, [sp, #20]
  92:Src/gpio.c    ****   HAL_GPIO_Init(GPIOA, &GPIO_InitStruct);
 130              		.loc 1 92 0
 131 008e 03A9     		add	r1, sp, #12
 132 0090 2800     		movs	r0, r5
 133 0092 FFF7FEFF 		bl	HAL_GPIO_Init
 134              	.LVL5:
  93:Src/gpio.c    **** 
  94:Src/gpio.c    ****   /*Configure GPIO pin : PA10 */
  95:Src/gpio.c    ****   GPIO_InitStruct.Pin = GPIO_PIN_10;
ARM GAS  /tmp/ccIfPF55.s 			page 5


 135              		.loc 1 95 0
 136 0096 8023     		movs	r3, #128
 137 0098 DB00     		lsls	r3, r3, #3
 138 009a 0393     		str	r3, [sp, #12]
  96:Src/gpio.c    ****   GPIO_InitStruct.Mode = GPIO_MODE_INPUT;
 139              		.loc 1 96 0
 140 009c 0494     		str	r4, [sp, #16]
  97:Src/gpio.c    ****   GPIO_InitStruct.Pull = GPIO_NOPULL;
 141              		.loc 1 97 0
 142 009e 0594     		str	r4, [sp, #20]
  98:Src/gpio.c    ****   HAL_GPIO_Init(GPIOA, &GPIO_InitStruct);
 143              		.loc 1 98 0
 144 00a0 03A9     		add	r1, sp, #12
 145 00a2 2800     		movs	r0, r5
 146 00a4 FFF7FEFF 		bl	HAL_GPIO_Init
 147              	.LVL6:
  99:Src/gpio.c    **** 
 100:Src/gpio.c    ****   /*Configure GPIO pins : PA11 PA12 PA15 */
 101:Src/gpio.c    ****   GPIO_InitStruct.Pin = GPIO_PIN_11|GPIO_PIN_12|GPIO_PIN_15;
 148              		.loc 1 101 0
 149 00a8 9823     		movs	r3, #152
 150 00aa 1B02     		lsls	r3, r3, #8
 151 00ac 0393     		str	r3, [sp, #12]
 102:Src/gpio.c    ****   GPIO_InitStruct.Mode = GPIO_MODE_OUTPUT_PP;
 152              		.loc 1 102 0
 153 00ae 0497     		str	r7, [sp, #16]
 103:Src/gpio.c    ****   GPIO_InitStruct.Pull = GPIO_NOPULL;
 154              		.loc 1 103 0
 155 00b0 0594     		str	r4, [sp, #20]
 104:Src/gpio.c    ****   GPIO_InitStruct.Speed = GPIO_SPEED_FREQ_HIGH;
 156              		.loc 1 104 0
 157 00b2 0326     		movs	r6, #3
 158 00b4 0696     		str	r6, [sp, #24]
 105:Src/gpio.c    ****   HAL_GPIO_Init(GPIOA, &GPIO_InitStruct);
 159              		.loc 1 105 0
 160 00b6 03A9     		add	r1, sp, #12
 161 00b8 2800     		movs	r0, r5
 162 00ba FFF7FEFF 		bl	HAL_GPIO_Init
 163              	.LVL7:
 106:Src/gpio.c    **** 
 107:Src/gpio.c    ****   /*Configure GPIO pins : PB3 PB5 PB6 PB7 */
 108:Src/gpio.c    ****   GPIO_InitStruct.Pin = GPIO_PIN_3|GPIO_PIN_5;
 164              		.loc 1 108 0
 165 00be 2823     		movs	r3, #40
 166 00c0 0393     		str	r3, [sp, #12]
 109:Src/gpio.c    ****   GPIO_InitStruct.Mode = GPIO_MODE_OUTPUT_PP;
 167              		.loc 1 109 0
 168 00c2 0497     		str	r7, [sp, #16]
 110:Src/gpio.c    ****   GPIO_InitStruct.Pull = GPIO_NOPULL;
 169              		.loc 1 110 0
 170 00c4 0594     		str	r4, [sp, #20]
 111:Src/gpio.c    ****   GPIO_InitStruct.Speed = GPIO_SPEED_FREQ_HIGH;
 171              		.loc 1 111 0
 172 00c6 0696     		str	r6, [sp, #24]
 112:Src/gpio.c    ****   HAL_GPIO_Init(GPIOB, &GPIO_InitStruct);
 173              		.loc 1 112 0
 174 00c8 03A9     		add	r1, sp, #12
ARM GAS  /tmp/ccIfPF55.s 			page 6


 175 00ca 0748     		ldr	r0, .L2+4
 176 00cc FFF7FEFF 		bl	HAL_GPIO_Init
 177              	.LVL8:
 113:Src/gpio.c    **** 
 114:Src/gpio.c    ****   /* EXTI interrupt init*/
 115:Src/gpio.c    ****   HAL_NVIC_SetPriority(EXTI4_15_IRQn, 2, 0);
 178              		.loc 1 115 0
 179 00d0 0022     		movs	r2, #0
 180 00d2 0221     		movs	r1, #2
 181 00d4 0720     		movs	r0, #7
 182 00d6 FFF7FEFF 		bl	HAL_NVIC_SetPriority
 183              	.LVL9:
 116:Src/gpio.c    ****   HAL_NVIC_EnableIRQ(EXTI4_15_IRQn);
 184              		.loc 1 116 0
 185 00da 0720     		movs	r0, #7
 186 00dc FFF7FEFF 		bl	HAL_NVIC_EnableIRQ
 187              	.LVL10:
 117:Src/gpio.c    **** 
 118:Src/gpio.c    **** }
 188              		.loc 1 118 0
 189 00e0 09B0     		add	sp, sp, #36
 190              		@ sp needed
 191 00e2 F0BD     		pop	{r4, r5, r6, r7, pc}
 192              	.L3:
 193              		.align	2
 194              	.L2:
 195 00e4 00100240 		.word	1073876992
 196 00e8 00040048 		.word	1207960576
 197 00ec 00002110 		.word	270598144
 198              		.cfi_endproc
 199              	.LFE37:
 201              		.text
 202              	.Letext0:
 203              		.file 2 "/home/xiao/Tool/gcc-arm-none-eabi-7-2017-q4-major/arm-none-eabi/include/machine/_default_
 204              		.file 3 "/home/xiao/Tool/gcc-arm-none-eabi-7-2017-q4-major/arm-none-eabi/include/sys/_stdint.h"
 205              		.file 4 "Drivers/CMSIS/Device/ST/STM32F0xx/Include/system_stm32f0xx.h"
 206              		.file 5 "Drivers/CMSIS/Device/ST/STM32F0xx/Include/stm32f030x6.h"
 207              		.file 6 "/home/xiao/Tool/gcc-arm-none-eabi-7-2017-q4-major/arm-none-eabi/include/sys/lock.h"
 208              		.file 7 "/home/xiao/Tool/gcc-arm-none-eabi-7-2017-q4-major/arm-none-eabi/include/sys/_types.h"
 209              		.file 8 "/home/xiao/Tool/gcc-arm-none-eabi-7-2017-q4-major/lib/gcc/arm-none-eabi/7.2.1/include/std
 210              		.file 9 "/home/xiao/Tool/gcc-arm-none-eabi-7-2017-q4-major/arm-none-eabi/include/sys/reent.h"
 211              		.file 10 "Drivers/STM32F0xx_HAL_Driver/Inc/stm32f0xx_hal_gpio.h"
 212              		.file 11 "Drivers/STM32F0xx_HAL_Driver/Inc/stm32f0xx_hal_cortex.h"
ARM GAS  /tmp/ccIfPF55.s 			page 7


DEFINED SYMBOLS
                            *ABS*:0000000000000000 gpio.c
     /tmp/ccIfPF55.s:16     .text.MX_GPIO_Init:0000000000000000 $t
     /tmp/ccIfPF55.s:23     .text.MX_GPIO_Init:0000000000000000 MX_GPIO_Init
     /tmp/ccIfPF55.s:195    .text.MX_GPIO_Init:00000000000000e4 $d

UNDEFINED SYMBOLS
HAL_GPIO_WritePin
HAL_GPIO_Init
HAL_NVIC_SetPriority
HAL_NVIC_EnableIRQ
