ARM GAS  /tmp/cc3dNPoG.s 			page 1


   1              		.cpu cortex-m0
   2              		.eabi_attribute 20, 1
   3              		.eabi_attribute 21, 1
   4              		.eabi_attribute 23, 3
   5              		.eabi_attribute 24, 1
   6              		.eabi_attribute 25, 1
   7              		.eabi_attribute 26, 1
   8              		.eabi_attribute 30, 1
   9              		.eabi_attribute 34, 0
  10              		.eabi_attribute 18, 4
  11              		.file	"hc595.c"
  12              		.text
  13              	.Ltext0:
  14              		.cfi_sections	.debug_frame
  15              		.section	.text.hc595_control,"ax",%progbits
  16              		.align	1
  17              		.global	hc595_control
  18              		.syntax unified
  19              		.code	16
  20              		.thumb_func
  21              		.fpu softvfp
  23              	hc595_control:
  24              	.LFB37:
  25              		.file 1 "Dsp/hc595.c"
   1:Dsp/hc595.c   **** #include "stm32f0xx_hal.h"
   2:Dsp/hc595.c   **** 
   3:Dsp/hc595.c   **** 
   4:Dsp/hc595.c   **** uint16_t adc_target = 0;
   5:Dsp/hc595.c   **** uint16_t adc_cont = 0;
   6:Dsp/hc595.c   **** 
   7:Dsp/hc595.c   **** uint16_t num[8][10] = {{0x01c0, 0x01f9, 0x01a4, 0x01b0, 0x0199, 0x0192, 0x0182, 0x01f8, 0x0180, 0x0
   8:Dsp/hc595.c   **** 					   {0x02c0, 0x02f9, 0x02a4, 0x02b0, 0x0299, 0x0292, 0x0282, 0x02f8, 0x0280, 0x0290},
   9:Dsp/hc595.c   **** 					   {0x04c0, 0x04f9, 0x04a4, 0x04b0, 0x0499, 0x0492, 0x0482, 0x04f8, 0x0480, 0x0490},
  10:Dsp/hc595.c   **** 					   {0x08c0, 0x08f9, 0x08a4, 0x08b0, 0x0899, 0x0892, 0x0882, 0x08f8, 0x0880, 0x0890},
  11:Dsp/hc595.c   **** 					   {0x10c0, 0x10f9, 0x10a4, 0x10b0, 0x1099, 0x1092, 0x1082, 0x10f8, 0x1080, 0x1090},
  12:Dsp/hc595.c   **** 					   {0x20c0, 0x20f9, 0x20a4, 0x20b0, 0x2099, 0x2092, 0x2082, 0x20f8, 0x2080, 0x2090},
  13:Dsp/hc595.c   **** 					   {0x40c0, 0x40f9, 0x40a4, 0x40b0, 0x4099, 0x4092, 0x4082, 0x40f8, 0x4080, 0x4090},
  14:Dsp/hc595.c   **** 					   {0x80c0, 0x80f9, 0x80a4, 0x80b0, 0x8099, 0x8092, 0x8082, 0x80f8, 0x8080, 0x8090}};
  15:Dsp/hc595.c   **** 
  16:Dsp/hc595.c   **** 
  17:Dsp/hc595.c   **** void hc595_control(uint16_t data)
  18:Dsp/hc595.c   **** {
  26              		.loc 1 18 0
  27              		.cfi_startproc
  28              		@ args = 0, pretend = 0, frame = 0
  29              		@ frame_needed = 0, uses_anonymous_args = 0
  30              		@ link register save eliminated.
  31              	.LVL0:
  19:Dsp/hc595.c   **** 	uint8_t i;
  20:Dsp/hc595.c   **** 	
  21:Dsp/hc595.c   **** 	GPIOB->BSRR = 1 << 5;
  32              		.loc 1 21 0
  33 0000 134B     		ldr	r3, .L8
  34 0002 2022     		movs	r2, #32
  35 0004 9A61     		str	r2, [r3, #24]
  22:Dsp/hc595.c   **** 	GPIOB->BRR = 1 << 3;
  36              		.loc 1 22 0
ARM GAS  /tmp/cc3dNPoG.s 			page 2


  37 0006 183A     		subs	r2, r2, #24
  38 0008 9A62     		str	r2, [r3, #40]
  23:Dsp/hc595.c   **** 	GPIOA->BRR = 1 << 15;
  39              		.loc 1 23 0
  40 000a 9023     		movs	r3, #144
  41 000c DB05     		lsls	r3, r3, #23
  42 000e 8022     		movs	r2, #128
  43 0010 1202     		lsls	r2, r2, #8
  44 0012 9A62     		str	r2, [r3, #40]
  45              	.LVL1:
  24:Dsp/hc595.c   **** 	
  25:Dsp/hc595.c   **** 	for (i = 0; i < 16; i++)
  46              		.loc 1 25 0
  47 0014 0023     		movs	r3, #0
  48 0016 09E0     		b	.L2
  49              	.LVL2:
  50              	.L7:
  26:Dsp/hc595.c   **** 	{
  27:Dsp/hc595.c   **** 		GPIOB->BRR = 1 << 3;
  28:Dsp/hc595.c   **** 		if (data & 0x8000)
  29:Dsp/hc595.c   **** 		{
  30:Dsp/hc595.c   **** 			GPIOB->BSRR = 1 << 5;
  51              		.loc 1 30 0
  52 0018 0D4A     		ldr	r2, .L8
  53 001a 1831     		adds	r1, r1, #24
  54 001c 9161     		str	r1, [r2, #24]
  55              	.L4:
  31:Dsp/hc595.c   **** 		}
  32:Dsp/hc595.c   **** 		else
  33:Dsp/hc595.c   **** 		{
  34:Dsp/hc595.c   **** 			GPIOB->BRR = 1 << 5;
  35:Dsp/hc595.c   **** 		}
  36:Dsp/hc595.c   **** 		
  37:Dsp/hc595.c   **** 		GPIOB->BSRR = 1 << 3;
  56              		.loc 1 37 0 discriminator 2
  57 001e 0C4A     		ldr	r2, .L8
  58 0020 0821     		movs	r1, #8
  59 0022 9161     		str	r1, [r2, #24]
  38:Dsp/hc595.c   **** 		data <<= 1;
  60              		.loc 1 38 0 discriminator 2
  61 0024 4000     		lsls	r0, r0, #1
  62              	.LVL3:
  63 0026 80B2     		uxth	r0, r0
  64              	.LVL4:
  25:Dsp/hc595.c   **** 	{
  65              		.loc 1 25 0 discriminator 2
  66 0028 0133     		adds	r3, r3, #1
  67              	.LVL5:
  68 002a DBB2     		uxtb	r3, r3
  69              	.LVL6:
  70              	.L2:
  25:Dsp/hc595.c   **** 	{
  71              		.loc 1 25 0 is_stmt 0 discriminator 1
  72 002c 0F2B     		cmp	r3, #15
  73 002e 09D8     		bhi	.L6
  27:Dsp/hc595.c   **** 		if (data & 0x8000)
  74              		.loc 1 27 0 is_stmt 1
ARM GAS  /tmp/cc3dNPoG.s 			page 3


  75 0030 074A     		ldr	r2, .L8
  76 0032 0821     		movs	r1, #8
  77 0034 9162     		str	r1, [r2, #40]
  28:Dsp/hc595.c   **** 		{
  78              		.loc 1 28 0
  79 0036 02B2     		sxth	r2, r0
  80 0038 002A     		cmp	r2, #0
  81 003a EDDB     		blt	.L7
  34:Dsp/hc595.c   **** 		}
  82              		.loc 1 34 0
  83 003c 044A     		ldr	r2, .L8
  84 003e 2021     		movs	r1, #32
  85 0040 9162     		str	r1, [r2, #40]
  86 0042 ECE7     		b	.L4
  87              	.L6:
  39:Dsp/hc595.c   **** 	}
  40:Dsp/hc595.c   **** 	GPIOA->BSRR = 1 << 15;
  88              		.loc 1 40 0
  89 0044 9023     		movs	r3, #144
  90              	.LVL7:
  91 0046 DB05     		lsls	r3, r3, #23
  92 0048 8022     		movs	r2, #128
  93 004a 1202     		lsls	r2, r2, #8
  94 004c 9A61     		str	r2, [r3, #24]
  41:Dsp/hc595.c   **** }
  95              		.loc 1 41 0
  96              		@ sp needed
  97 004e 7047     		bx	lr
  98              	.L9:
  99              		.align	2
 100              	.L8:
 101 0050 00040048 		.word	1207960576
 102              		.cfi_endproc
 103              	.LFE37:
 105              		.global	__aeabi_uidivmod
 106              		.global	__aeabi_uidiv
 107              		.section	.text.branches_bt,"ax",%progbits
 108              		.align	1
 109              		.global	branches_bt
 110              		.syntax unified
 111              		.code	16
 112              		.thumb_func
 113              		.fpu softvfp
 115              	branches_bt:
 116              	.LFB38:
  42:Dsp/hc595.c   **** 
  43:Dsp/hc595.c   **** void branches_bt(void)
  44:Dsp/hc595.c   **** {
 117              		.loc 1 44 0
 118              		.cfi_startproc
 119              		@ args = 0, pretend = 0, frame = 0
 120              		@ frame_needed = 0, uses_anonymous_args = 0
 121 0000 F8B5     		push	{r3, r4, r5, r6, r7, lr}
 122              	.LCFI0:
 123              		.cfi_def_cfa_offset 24
 124              		.cfi_offset 3, -24
 125              		.cfi_offset 4, -20
ARM GAS  /tmp/cc3dNPoG.s 			page 4


 126              		.cfi_offset 5, -16
 127              		.cfi_offset 6, -12
 128              		.cfi_offset 7, -8
 129              		.cfi_offset 14, -4
 130              	.LVL8:
  45:Dsp/hc595.c   **** 	uint16_t store = 0, nu = 0, store_t = 0, nu_t = 0;
  46:Dsp/hc595.c   **** 	uint8_t i;
  47:Dsp/hc595.c   **** 
  48:Dsp/hc595.c   **** 	store = adc_cont;
 131              		.loc 1 48 0
 132 0002 2B4B     		ldr	r3, .L24
 133 0004 1E88     		ldrh	r6, [r3]
 134              	.LVL9:
  49:Dsp/hc595.c   **** 	store_t = adc_target;
 135              		.loc 1 49 0
 136 0006 2B4B     		ldr	r3, .L24+4
 137 0008 1D88     		ldrh	r5, [r3]
 138              	.LVL10:
  50:Dsp/hc595.c   **** 	
  51:Dsp/hc595.c   **** 	for (i = 0; i < 4; i++)
 139              		.loc 1 51 0
 140 000a 0024     		movs	r4, #0
 141 000c 11E0     		b	.L11
 142              	.LVL11:
 143              	.L22:
  52:Dsp/hc595.c   **** 	{
  53:Dsp/hc595.c   **** 		nu = store % 10;
  54:Dsp/hc595.c   **** 		
  55:Dsp/hc595.c   **** 		if (i == 1)
  56:Dsp/hc595.c   **** 		{
  57:Dsp/hc595.c   **** 			hc595_control(num[i][nu] ^ 0x80);
 144              		.loc 1 57 0
 145 000e A200     		lsls	r2, r4, #2
 146 0010 1219     		adds	r2, r2, r4
 147 0012 5300     		lsls	r3, r2, #1
 148 0014 5918     		adds	r1, r3, r1
 149              	.LVL12:
 150 0016 4900     		lsls	r1, r1, #1
 151 0018 274B     		ldr	r3, .L24+8
 152 001a C85A     		ldrh	r0, [r1, r3]
 153 001c 8023     		movs	r3, #128
 154 001e 5840     		eors	r0, r3
 155 0020 FFF7FEFF 		bl	hc595_control
 156              	.LVL13:
 157              	.L13:
  58:Dsp/hc595.c   **** 		}
  59:Dsp/hc595.c   **** 		else
  60:Dsp/hc595.c   **** 		{
  61:Dsp/hc595.c   **** 			hc595_control(num[i][nu]);
  62:Dsp/hc595.c   **** 		}
  63:Dsp/hc595.c   **** 			
  64:Dsp/hc595.c   **** 				
  65:Dsp/hc595.c   **** 		
  66:Dsp/hc595.c   **** 	/*	switch (i)
  67:Dsp/hc595.c   **** 		{
  68:Dsp/hc595.c   **** 			case 1:
  69:Dsp/hc595.c   **** 				hc595_control(num[i][nu] ^ 0x80);
ARM GAS  /tmp/cc3dNPoG.s 			page 5


  70:Dsp/hc595.c   **** 				break;
  71:Dsp/hc595.c   **** 			default:
  72:Dsp/hc595.c   **** 				hc595_control(0x00ff);
  73:Dsp/hc595.c   **** 				break;
  74:Dsp/hc595.c   **** 		}
  75:Dsp/hc595.c   **** 	*/
  76:Dsp/hc595.c   **** 
  77:Dsp/hc595.c   **** 		store /= 10;	
 158              		.loc 1 77 0 discriminator 2
 159 0024 0A21     		movs	r1, #10
 160 0026 3000     		movs	r0, r6
 161 0028 FFF7FEFF 		bl	__aeabi_uidiv
 162              	.LVL14:
 163 002c 86B2     		uxth	r6, r0
 164              	.LVL15:
  51:Dsp/hc595.c   **** 	{
 165              		.loc 1 51 0 discriminator 2
 166 002e 0134     		adds	r4, r4, #1
 167              	.LVL16:
 168 0030 E4B2     		uxtb	r4, r4
 169              	.LVL17:
 170              	.L11:
  51:Dsp/hc595.c   **** 	{
 171              		.loc 1 51 0 is_stmt 0 discriminator 1
 172 0032 032C     		cmp	r4, #3
 173 0034 10D8     		bhi	.L21
  53:Dsp/hc595.c   **** 		
 174              		.loc 1 53 0 is_stmt 1
 175 0036 0A21     		movs	r1, #10
 176 0038 3000     		movs	r0, r6
 177 003a FFF7FEFF 		bl	__aeabi_uidivmod
 178              	.LVL18:
 179 003e 89B2     		uxth	r1, r1
 180              	.LVL19:
  55:Dsp/hc595.c   **** 		{
 181              		.loc 1 55 0
 182 0040 012C     		cmp	r4, #1
 183 0042 E4D0     		beq	.L22
  61:Dsp/hc595.c   **** 		}
 184              		.loc 1 61 0
 185 0044 A200     		lsls	r2, r4, #2
 186 0046 1219     		adds	r2, r2, r4
 187 0048 5300     		lsls	r3, r2, #1
 188 004a 5B18     		adds	r3, r3, r1
 189 004c 5B00     		lsls	r3, r3, #1
 190 004e 1A4A     		ldr	r2, .L24+8
 191 0050 985A     		ldrh	r0, [r3, r2]
 192 0052 FFF7FEFF 		bl	hc595_control
 193              	.LVL20:
 194 0056 E5E7     		b	.L13
 195              	.L21:
  78:Dsp/hc595.c   **** 	}
  79:Dsp/hc595.c   **** 
  80:Dsp/hc595.c   **** 	for (i = 0; i < 4; i++)
 196              		.loc 1 80 0
 197 0058 0024     		movs	r4, #0
 198              	.LVL21:
ARM GAS  /tmp/cc3dNPoG.s 			page 6


 199 005a 09E0     		b	.L15
 200              	.LVL22:
 201              	.L20:
  81:Dsp/hc595.c   **** 	{
  82:Dsp/hc595.c   **** 		nu_t = store_t % 10;
  83:Dsp/hc595.c   **** 	
  84:Dsp/hc595.c   **** 		hc595_control(num[i + 4][nu_t]);
  85:Dsp/hc595.c   **** 		switch (i)
  86:Dsp/hc595.c   **** 		{
  87:Dsp/hc595.c   **** 			case 1:
  88:Dsp/hc595.c   **** 				hc595_control(num[i + 4][nu_t] ^ 0x80);
  89:Dsp/hc595.c   **** 				break;
  90:Dsp/hc595.c   **** 			default:
  91:Dsp/hc595.c   **** 				hc595_control(0x00ff);
 202              		.loc 1 91 0
 203 005c FF20     		movs	r0, #255
 204 005e FFF7FEFF 		bl	hc595_control
 205              	.LVL23:
 206              	.L18:
  92:Dsp/hc595.c   **** 				break;
  93:Dsp/hc595.c   **** 		}
  94:Dsp/hc595.c   **** 
  95:Dsp/hc595.c   **** 		/*if (i == 1)
  96:Dsp/hc595.c   **** 		{
  97:Dsp/hc595.c   **** 			hc595_control(num[i + 4][nu_t] ^ 0x80);
  98:Dsp/hc595.c   **** 		}
  99:Dsp/hc595.c   **** 		else
 100:Dsp/hc595.c   **** 		{
 101:Dsp/hc595.c   **** 			hc595_control(num[i + 4][nu_t]);
 102:Dsp/hc595.c   **** 		}
 103:Dsp/hc595.c   **** 		*/	
 104:Dsp/hc595.c   **** 		
 105:Dsp/hc595.c   **** 		store_t /= 10; 
 207              		.loc 1 105 0 discriminator 2
 208 0062 0A21     		movs	r1, #10
 209 0064 2800     		movs	r0, r5
 210 0066 FFF7FEFF 		bl	__aeabi_uidiv
 211              	.LVL24:
 212 006a 85B2     		uxth	r5, r0
 213              	.LVL25:
  80:Dsp/hc595.c   **** 	{
 214              		.loc 1 80 0 discriminator 2
 215 006c 0134     		adds	r4, r4, #1
 216              	.LVL26:
 217 006e E4B2     		uxtb	r4, r4
 218              	.LVL27:
 219              	.L15:
  80:Dsp/hc595.c   **** 	{
 220              		.loc 1 80 0 is_stmt 0 discriminator 1
 221 0070 032C     		cmp	r4, #3
 222 0072 1CD8     		bhi	.L23
  82:Dsp/hc595.c   **** 	
 223              		.loc 1 82 0 is_stmt 1
 224 0074 0A21     		movs	r1, #10
 225 0076 2800     		movs	r0, r5
 226 0078 FFF7FEFF 		bl	__aeabi_uidivmod
 227              	.LVL28:
ARM GAS  /tmp/cc3dNPoG.s 			page 7


 228 007c 8EB2     		uxth	r6, r1
 229              	.LVL29:
  84:Dsp/hc595.c   **** 		switch (i)
 230              		.loc 1 84 0
 231 007e 271D     		adds	r7, r4, #4
 232 0080 BA00     		lsls	r2, r7, #2
 233 0082 D219     		adds	r2, r2, r7
 234 0084 5300     		lsls	r3, r2, #1
 235 0086 9B19     		adds	r3, r3, r6
 236 0088 5B00     		lsls	r3, r3, #1
 237 008a 0B4A     		ldr	r2, .L24+8
 238 008c 985A     		ldrh	r0, [r3, r2]
 239 008e FFF7FEFF 		bl	hc595_control
 240              	.LVL30:
  85:Dsp/hc595.c   **** 		{
 241              		.loc 1 85 0
 242 0092 012C     		cmp	r4, #1
 243 0094 E2D1     		bne	.L20
  88:Dsp/hc595.c   **** 				break;
 244              		.loc 1 88 0
 245 0096 BB00     		lsls	r3, r7, #2
 246 0098 DF19     		adds	r7, r3, r7
 247 009a 7900     		lsls	r1, r7, #1
 248 009c 8919     		adds	r1, r1, r6
 249 009e 4900     		lsls	r1, r1, #1
 250 00a0 054B     		ldr	r3, .L24+8
 251 00a2 C85A     		ldrh	r0, [r1, r3]
 252 00a4 8023     		movs	r3, #128
 253 00a6 5840     		eors	r0, r3
 254 00a8 FFF7FEFF 		bl	hc595_control
 255              	.LVL31:
  89:Dsp/hc595.c   **** 			default:
 256              		.loc 1 89 0
 257 00ac D9E7     		b	.L18
 258              	.LVL32:
 259              	.L23:
 106:Dsp/hc595.c   **** 	}
 107:Dsp/hc595.c   **** 
 108:Dsp/hc595.c   **** 
 109:Dsp/hc595.c   **** }
 260              		.loc 1 109 0
 261              		@ sp needed
 262              	.LVL33:
 263              	.LVL34:
 264 00ae F8BD     		pop	{r3, r4, r5, r6, r7, pc}
 265              	.L25:
 266              		.align	2
 267              	.L24:
 268 00b0 00000000 		.word	.LANCHOR0
 269 00b4 00000000 		.word	.LANCHOR1
 270 00b8 00000000 		.word	num
 271              		.cfi_endproc
 272              	.LFE38:
 274              		.global	num
 275              		.global	adc_cont
 276              		.global	adc_target
 277              		.section	.bss.adc_cont,"aw",%nobits
ARM GAS  /tmp/cc3dNPoG.s 			page 8


 278              		.align	1
 279              		.set	.LANCHOR0,. + 0
 282              	adc_cont:
 283 0000 0000     		.space	2
 284              		.section	.bss.adc_target,"aw",%nobits
 285              		.align	1
 286              		.set	.LANCHOR1,. + 0
 289              	adc_target:
 290 0000 0000     		.space	2
 291              		.section	.data.num,"aw",%progbits
 292              		.align	2
 295              	num:
 296 0000 C001     		.short	448
 297 0002 F901     		.short	505
 298 0004 A401     		.short	420
 299 0006 B001     		.short	432
 300 0008 9901     		.short	409
 301 000a 9201     		.short	402
 302 000c 8201     		.short	386
 303 000e F801     		.short	504
 304 0010 8001     		.short	384
 305 0012 9001     		.short	400
 306 0014 C002     		.short	704
 307 0016 F902     		.short	761
 308 0018 A402     		.short	676
 309 001a B002     		.short	688
 310 001c 9902     		.short	665
 311 001e 9202     		.short	658
 312 0020 8202     		.short	642
 313 0022 F802     		.short	760
 314 0024 8002     		.short	640
 315 0026 9002     		.short	656
 316 0028 C004     		.short	1216
 317 002a F904     		.short	1273
 318 002c A404     		.short	1188
 319 002e B004     		.short	1200
 320 0030 9904     		.short	1177
 321 0032 9204     		.short	1170
 322 0034 8204     		.short	1154
 323 0036 F804     		.short	1272
 324 0038 8004     		.short	1152
 325 003a 9004     		.short	1168
 326 003c C008     		.short	2240
 327 003e F908     		.short	2297
 328 0040 A408     		.short	2212
 329 0042 B008     		.short	2224
 330 0044 9908     		.short	2201
 331 0046 9208     		.short	2194
 332 0048 8208     		.short	2178
 333 004a F808     		.short	2296
 334 004c 8008     		.short	2176
 335 004e 9008     		.short	2192
 336 0050 C010     		.short	4288
 337 0052 F910     		.short	4345
 338 0054 A410     		.short	4260
 339 0056 B010     		.short	4272
 340 0058 9910     		.short	4249
ARM GAS  /tmp/cc3dNPoG.s 			page 9


 341 005a 9210     		.short	4242
 342 005c 8210     		.short	4226
 343 005e F810     		.short	4344
 344 0060 8010     		.short	4224
 345 0062 9010     		.short	4240
 346 0064 C020     		.short	8384
 347 0066 F920     		.short	8441
 348 0068 A420     		.short	8356
 349 006a B020     		.short	8368
 350 006c 9920     		.short	8345
 351 006e 9220     		.short	8338
 352 0070 8220     		.short	8322
 353 0072 F820     		.short	8440
 354 0074 8020     		.short	8320
 355 0076 9020     		.short	8336
 356 0078 C040     		.short	16576
 357 007a F940     		.short	16633
 358 007c A440     		.short	16548
 359 007e B040     		.short	16560
 360 0080 9940     		.short	16537
 361 0082 9240     		.short	16530
 362 0084 8240     		.short	16514
 363 0086 F840     		.short	16632
 364 0088 8040     		.short	16512
 365 008a 9040     		.short	16528
 366 008c C080     		.short	-32576
 367 008e F980     		.short	-32519
 368 0090 A480     		.short	-32604
 369 0092 B080     		.short	-32592
 370 0094 9980     		.short	-32615
 371 0096 9280     		.short	-32622
 372 0098 8280     		.short	-32638
 373 009a F880     		.short	-32520
 374 009c 8080     		.short	-32640
 375 009e 9080     		.short	-32624
 376              		.text
 377              	.Letext0:
 378              		.file 2 "/home/xiao/Tool/gcc-arm-none-eabi-7-2017-q4-major/arm-none-eabi/include/machine/_default_
 379              		.file 3 "/home/xiao/Tool/gcc-arm-none-eabi-7-2017-q4-major/arm-none-eabi/include/sys/_stdint.h"
 380              		.file 4 "Drivers/CMSIS/Device/ST/STM32F0xx/Include/system_stm32f0xx.h"
 381              		.file 5 "Drivers/CMSIS/Device/ST/STM32F0xx/Include/stm32f030x6.h"
 382              		.file 6 "/home/xiao/Tool/gcc-arm-none-eabi-7-2017-q4-major/arm-none-eabi/include/sys/lock.h"
 383              		.file 7 "/home/xiao/Tool/gcc-arm-none-eabi-7-2017-q4-major/arm-none-eabi/include/sys/_types.h"
 384              		.file 8 "/home/xiao/Tool/gcc-arm-none-eabi-7-2017-q4-major/lib/gcc/arm-none-eabi/7.2.1/include/std
 385              		.file 9 "/home/xiao/Tool/gcc-arm-none-eabi-7-2017-q4-major/arm-none-eabi/include/sys/reent.h"
ARM GAS  /tmp/cc3dNPoG.s 			page 10


DEFINED SYMBOLS
                            *ABS*:0000000000000000 hc595.c
     /tmp/cc3dNPoG.s:16     .text.hc595_control:0000000000000000 $t
     /tmp/cc3dNPoG.s:23     .text.hc595_control:0000000000000000 hc595_control
     /tmp/cc3dNPoG.s:101    .text.hc595_control:0000000000000050 $d
     /tmp/cc3dNPoG.s:108    .text.branches_bt:0000000000000000 $t
     /tmp/cc3dNPoG.s:115    .text.branches_bt:0000000000000000 branches_bt
     /tmp/cc3dNPoG.s:268    .text.branches_bt:00000000000000b0 $d
     /tmp/cc3dNPoG.s:295    .data.num:0000000000000000 num
     /tmp/cc3dNPoG.s:282    .bss.adc_cont:0000000000000000 adc_cont
     /tmp/cc3dNPoG.s:289    .bss.adc_target:0000000000000000 adc_target
     /tmp/cc3dNPoG.s:278    .bss.adc_cont:0000000000000000 $d
     /tmp/cc3dNPoG.s:285    .bss.adc_target:0000000000000000 $d
     /tmp/cc3dNPoG.s:292    .data.num:0000000000000000 $d

UNDEFINED SYMBOLS
__aeabi_uidivmod
__aeabi_uidiv
